The target system is: Emscripten - 1 - x86
The host system is: Linux - 5.15.0-56-generic - x86_64
Performing C SOURCE FILE Test CMAKE_HAVE_LIBC_PTHREAD succeeded with the following output:
Change Dir: /home/y/github/yzhanTool/src/img/lib/realcugan-ncnn-vulkan/build-wasm/CMakeFiles/CMakeTmp

Run Build Command(s):/usr/bin/gmake -f Makefile cmTC_25ba8/fast && /usr/bin/gmake  -f CMakeFiles/cmTC_25ba8.dir/build.make CMakeFiles/cmTC_25ba8.dir/build
gmake[1]: Entering directory '/home/y/github/yzhanTool/src/img/lib/realcugan-ncnn-vulkan/build-wasm/CMakeFiles/CMakeTmp'
Building C object CMakeFiles/cmTC_25ba8.dir/src.c.o
/home/y/github/emsdk/upstream/emscripten/emcc -DCMAKE_HAVE_LIBC_PTHREAD   -MD -MT CMakeFiles/cmTC_25ba8.dir/src.c.o -MF CMakeFiles/cmTC_25ba8.dir/src.c.o.d -o CMakeFiles/cmTC_25ba8.dir/src.c.o -c /home/y/github/yzhanTool/src/img/lib/realcugan-ncnn-vulkan/build-wasm/CMakeFiles/CMakeTmp/src.c
shared:INFO: (Emscripten: Running sanity checks)
Linking C executable cmTC_25ba8.js
/usr/bin/cmake -E cmake_link_script CMakeFiles/cmTC_25ba8.dir/link.txt --verbose=1
/home/y/github/emsdk/upstream/emscripten/emcc @CMakeFiles/cmTC_25ba8.dir/objects1.rsp -o cmTC_25ba8.js 
cache:INFO: generating system asset: symbol_lists/adf855aa194ae3dc171a4f5a3c6c00010a3eca3c.json... (this will be cached in "/home/y/github/emsdk/upstream/emscripten/cache/symbol_lists/adf855aa194ae3dc171a4f5a3c6c00010a3eca3c.json" for subsequent builds)
cache:INFO:  - ok
gmake[1]: Leaving directory '/home/y/github/yzhanTool/src/img/lib/realcugan-ncnn-vulkan/build-wasm/CMakeFiles/CMakeTmp'


Source file was:
#include <pthread.h>

static void* test_func(void* data)
{
  return data;
}

int main(void)
{
  pthread_t thread;
  pthread_create(&thread, NULL, test_func, NULL);
  pthread_detach(thread);
  pthread_cancel(thread);
  pthread_join(thread, NULL);
  pthread_atfork(NULL, NULL, NULL);
  pthread_exit(NULL);

  return 0;
}

